*** Using Compiler 'V6.21', folder: 'E:\project_app\Keil\Keil_V5\ARM\ARMCLANG\Bin'
Build target 'DART2025Z'
compiling dma.c...
compiling can.c...
compiling main.c...
compiling gpio.c...
compiling usart.c...
compiling stm32f4xx_hal_msp.c...
compiling stm32f4xx_it.c...
compiling stm32f4xx_hal_exti.c...
compiling system_stm32f4xx.c...
compiling stm32f4xx_hal_pcd_ex.c...
compiling stm32f4xx_hal_pcd.c...
compiling PID.c...
compiling can_user.c...
compiling stm32f4xx_ll_usb.c...
compiling stm32f4xx_hal_rcc.c...
compiling stm32f4xx_hal_flash.c...
compiling stm32f4xx_hal_dma.c...
compiling stm32f4xx_hal.c...
compiling stm32f4xx_hal_pwr.c...
compiling stm32f4xx_hal_uart.c...
compiling stm32f4xx_hal_pwr_ex.c...
compiling stm32f4xx_hal_rcc_ex.c...
compiling stm32f4xx_hal_cortex.c...
compiling DWT.c...
compiling motor.c...
compiling minipc_protocol.c...
compiling stm32f4xx_hal_flash_ramfunc.c...
compiling stm32f4xx_hal_gpio.c...
compiling remote_control.c...
compiling stm32f4xx_hal_flash_ex.c...
compiling stm32f4xx_hal_can.c...
compiling stm32f4xx_hal_dma_ex.c...
compiling motorUsr.c...
compiling referee.c...
compiling bsp_can.c...
compiling struct_typedef.c...
compiling bsp_rc.c...
compiling CRC8_CRC16.c...
compiling usb_device.c...
compiling usbd_desc.c...
compiling usbd_cdc_if.c...
compiling usbd_conf.c...
compiling usbd_core.c...
compiling usbd_ioreq.c...
compiling usbd_ctlreq.c...
compiling usbd_cdc.c...
compiling dart.c...
linking...
Program Size: Code=49168 RO-data=1352 RW-data=280 ZI-data=11240  
FromELF: creating hex file...
"DART2025Z\DART2025Z.axf" - 0 Error(s), 0 Warning(s).
Build Time Elapsed:  00:00:05
